[2023-04-25T21:46:03.496+0000] {manager.py:483} INFO - Processing files using up to 1 processes at a time 
[2023-04-25T21:46:03.496+0000] {manager.py:484} INFO - Process each file at most once every 30 seconds
[2023-04-25T21:46:03.498+0000] {manager.py:486} INFO - Checking for new files in /opt/airflow/dags every 300 seconds
[2023-04-25T21:46:03.499+0000] {manager.py:724} INFO - Searching for files in /opt/airflow/dags
[2023-04-25T21:46:03.501+0000] {manager.py:727} INFO - There are 0 files in /opt/airflow/dags
[2023-04-25T21:51:03.552+0000] {manager.py:724} INFO - Searching for files in /opt/airflow/dags
[2023-04-25T21:51:03.562+0000] {manager.py:727} INFO - There are 0 files in /opt/airflow/dags
[2023-04-25T21:56:03.663+0000] {manager.py:724} INFO - Searching for files in /opt/airflow/dags
[2023-04-25T21:56:03.671+0000] {manager.py:727} INFO - There are 0 files in /opt/airflow/dags
[2023-04-25T22:01:03.804+0000] {manager.py:724} INFO - Searching for files in /opt/airflow/dags
[2023-04-25T22:01:03.813+0000] {manager.py:727} INFO - There are 0 files in /opt/airflow/dags
[2023-04-25T22:06:03.943+0000] {manager.py:724} INFO - Searching for files in /opt/airflow/dags
[2023-04-25T22:06:03.959+0000] {manager.py:727} INFO - There are 0 files in /opt/airflow/dags
[2023-04-25T22:11:04.058+0000] {manager.py:724} INFO - Searching for files in /opt/airflow/dags
[2023-04-25T22:11:04.064+0000] {manager.py:727} INFO - There are 0 files in /opt/airflow/dags
[2023-04-25T22:16:04.162+0000] {manager.py:724} INFO - Searching for files in /opt/airflow/dags
[2023-04-25T22:16:04.168+0000] {manager.py:727} INFO - There are 0 files in /opt/airflow/dags
[2023-04-25T22:21:04.289+0000] {manager.py:724} INFO - Searching for files in /opt/airflow/dags
[2023-04-25T22:21:04.295+0000] {manager.py:727} INFO - There are 0 files in /opt/airflow/dags
[2023-04-25T22:26:04.415+0000] {manager.py:724} INFO - Searching for files in /opt/airflow/dags
[2023-04-25T22:26:04.423+0000] {manager.py:727} INFO - There are 0 files in /opt/airflow/dags
[2023-04-25T22:31:04.543+0000] {manager.py:724} INFO - Searching for files in /opt/airflow/dags
[2023-04-25T22:31:04.552+0000] {manager.py:727} INFO - There are 0 files in /opt/airflow/dags
[2023-04-25T22:36:04.555+0000] {manager.py:724} INFO - Searching for files in /opt/airflow/dags
[2023-04-25T22:36:04.562+0000] {manager.py:727} INFO - There are 0 files in /opt/airflow/dags
[2023-04-25T22:41:04.626+0000] {manager.py:724} INFO - Searching for files in /opt/airflow/dags
[2023-04-25T22:41:04.633+0000] {manager.py:727} INFO - There are 0 files in /opt/airflow/dags
[2023-04-25T22:46:04.736+0000] {manager.py:724} INFO - Searching for files in /opt/airflow/dags
[2023-04-25T22:46:04.742+0000] {manager.py:727} INFO - There are 0 files in /opt/airflow/dags
[2023-04-25T22:51:04.842+0000] {manager.py:724} INFO - Searching for files in /opt/airflow/dags
[2023-04-25T22:51:04.850+0000] {manager.py:727} INFO - There are 0 files in /opt/airflow/dags
[2023-04-25T22:56:04.961+0000] {manager.py:724} INFO - Searching for files in /opt/airflow/dags
[2023-04-25T22:56:04.968+0000] {manager.py:727} INFO - There are 0 files in /opt/airflow/dags
[2023-04-25T23:01:05.065+0000] {manager.py:724} INFO - Searching for files in /opt/airflow/dags
[2023-04-25T23:01:05.071+0000] {manager.py:727} INFO - There are 0 files in /opt/airflow/dags
[2023-04-25T23:06:05.189+0000] {manager.py:724} INFO - Searching for files in /opt/airflow/dags
[2023-04-25T23:06:05.199+0000] {manager.py:727} INFO - There are 0 files in /opt/airflow/dags
[2023-04-25T23:11:05.320+0000] {manager.py:724} INFO - Searching for files in /opt/airflow/dags
[2023-04-25T23:11:05.326+0000] {manager.py:727} INFO - There are 0 files in /opt/airflow/dags
